<?xml version="1.0" encoding="UTF-8"?>
<!-- Generated by org.testng.reporters.JUnitReportReporter -->
<testsuite skipped="0" hostname="Zainab-PC" name="com.runner.NewToursRunner" tests="5" failures="0" timestamp="2020-04-18T20:15:02 EDT" time="37.881" errors="0">
  <testcase name="runScenario" time="7.089" classname="com.runner.NewToursRunner"/>
  <system-out/>
  <testcase name="runScenario" time="7.055" classname="com.runner.NewToursRunner"/>
  <system-out/>
  <testcase name="runScenario" time="7.546" classname="com.runner.NewToursRunner"/>
  <system-out/>
  <testcase name="runScenario" time="9.042" classname="com.runner.NewToursRunner"/>
  <system-out/>
  <testcase name="runScenario" time="7.149" classname="com.runner.NewToursRunner"/>
  <system-out/>
</testsuite> <!-- com.runner.NewToursRunner -->
